<?xml version="1.0" encoding="UTF-8"?>
<testng-results skipped="0" failed="0" ignored="0" total="0" passed="0">
  <reporter-output>
  </reporter-output>
  <suite name="LexisNexis" duration-ms="9499" started-at="2022-04-13T07:15:10Z" finished-at="2022-04-13T07:15:19Z">
    <groups>
    </groups>
    <test name="TC001" duration-ms="9499" started-at="2022-04-13T07:15:10Z" finished-at="2022-04-13T07:15:19Z">
      <class name="com.vuram.automation.Businessflows.Organisation">
        <test-method status="PASS" signature="StartReportandDriver(java.lang.String, java.lang.String, java.lang.String, java.lang.String)[pri:0, instance:com.vuram.automation.Businessflows.Organisation@67a20f67]" name="StartReportandDriver" is-config="true" duration-ms="2728" started-at="2022-04-13T07:15:10Z" finished-at="2022-04-13T07:15:13Z">
          <params>
            <param index="0">
              <value>
                <![CDATA[To publish the task]]>
              </value>
            </param>
            <param index="1">
              <value>
                <![CDATA[TC001]]>
              </value>
            </param>
            <param index="2">
              <value>
                <![CDATA[LexisNexis_04-13-2022_12-45-09_PM]]>
              </value>
            </param>
            <param index="3">
              <value>
                <![CDATA[Chrome]]>
              </value>
            </param>
          </params>
          <reporter-output>
          </reporter-output>
        </test-method> <!-- StartReportandDriver -->
        <test-method status="PASS" signature="QuitReportandDriver(java.lang.String)[pri:0, instance:com.vuram.automation.Businessflows.Organisation@67a20f67]" name="QuitReportandDriver" is-config="true" duration-ms="6767" started-at="2022-04-13T07:15:13Z" finished-at="2022-04-13T07:15:19Z">
          <params>
            <param index="0">
              <value>
                <![CDATA[TC001]]>
              </value>
            </param>
          </params>
          <reporter-output>
          </reporter-output>
        </test-method> <!-- QuitReportandDriver -->
        <test-method status="PASS" signature="DeleteXmlfile()[pri:0, instance:com.vuram.automation.Businessflows.Organisation@67a20f67]" name="DeleteXmlfile" is-config="true" duration-ms="0" started-at="2022-04-13T07:15:19Z" finished-at="2022-04-13T07:15:19Z">
          <reporter-output>
          </reporter-output>
        </test-method> <!-- DeleteXmlfile -->
      </class> <!-- com.vuram.automation.Businessflows.Organisation -->
    </test> <!-- TC001 -->
  </suite> <!-- LexisNexis -->
</testng-results>
